/*C4*/SET SCHEMA PUBLIC
INSERT INTO CAR VALUES(0,'Albert','IRE-2020',1)
COMMIT
DISCONNECT
/*C7*/SET SCHEMA PUBLIC
TRUNCATE TABLE CAR RESTART IDENTITY AND COMMIT
/*C8*/SET SCHEMA PUBLIC
INSERT INTO CAR VALUES(0,'Albert','IRE-2020',1)
COMMIT
/*C3*/SET SCHEMA PUBLIC
DISCONNECT
/*C5*/SET SCHEMA PUBLIC
DISCONNECT
/*C10*/SET SCHEMA PUBLIC
TRUNCATE TABLE CAR RESTART IDENTITY AND COMMIT
/*C6*/SET SCHEMA PUBLIC
DISCONNECT
/*C9*/SET SCHEMA PUBLIC
DISCONNECT
/*C12*/SET SCHEMA PUBLIC
INSERT INTO CAR VALUES(0,'Albert','IRE-2020',1)
COMMIT
/*C13*/SET SCHEMA PUBLIC
INSERT INTO CAR VALUES(1,'Deepansh ','fd',2)
COMMIT
/*C7*/DISCONNECT
/*C8*/DISCONNECT
/*C10*/DISCONNECT
/*C12*/DISCONNECT
/*C13*/DISCONNECT
/*C16*/SET SCHEMA PUBLIC
INSERT INTO CAR VALUES(2,'Albert','IRE-2020',1)
COMMIT
/*C17*/SET SCHEMA PUBLIC
TRUNCATE TABLE CAR RESTART IDENTITY AND COMMIT
/*C15*/SET SCHEMA PUBLIC
DISCONNECT
/*C19*/SET SCHEMA PUBLIC
INSERT INTO CAR VALUES(0,'Albert','IRE-2020',1)
COMMIT
/*C20*/SET SCHEMA PUBLIC
INSERT INTO CAR VALUES(1,'Deep','e',2)
COMMIT
/*C16*/DISCONNECT
/*C20*/DISCONNECT
/*C19*/DISCONNECT
/*C17*/DISCONNECT
/*C23*/SET SCHEMA PUBLIC
INSERT INTO CAR VALUES(2,'Albert','IRE-2020',1)
COMMIT
/*C24*/SET SCHEMA PUBLIC
TRUNCATE TABLE CAR RESTART IDENTITY AND COMMIT
/*C25*/SET SCHEMA PUBLIC
INSERT INTO CAR VALUES(0,'Albert','IRE-2020',1)
COMMIT
/*C26*/SET SCHEMA PUBLIC
INSERT INTO CAR VALUES(1,'vbc','fv',2)
COMMIT
/*C28*/SET SCHEMA PUBLIC
TRUNCATE TABLE CAR RESTART IDENTITY AND COMMIT
/*C22*/SET SCHEMA PUBLIC
DISCONNECT
/*C27*/SET SCHEMA PUBLIC
DISCONNECT
/*C29*/SET SCHEMA PUBLIC
DISCONNECT
/*C25*/DISCONNECT
/*C24*/DISCONNECT
/*C23*/DISCONNECT
/*C26*/DISCONNECT
/*C28*/DISCONNECT
/*C21*/SET SCHEMA PUBLIC
DISCONNECT
/*C18*/SET SCHEMA PUBLIC
DISCONNECT
/*C14*/SET SCHEMA PUBLIC
DISCONNECT
/*C11*/SET SCHEMA PUBLIC
DISCONNECT
/*C30*/SET SCHEMA PUBLIC
DISCONNECT
/*C32*/SET SCHEMA PUBLIC
INSERT INTO CAR VALUES(0,'Albert','IRE-2020',1)
COMMIT
/*C33*/SET SCHEMA PUBLIC
INSERT INTO CAR VALUES(1,'Deepansh','mP',2)
COMMIT
/*C35*/SET SCHEMA PUBLIC
DELETE FROM CAR WHERE ID=1
COMMIT
/*C36*/SET SCHEMA PUBLIC
TRUNCATE TABLE CAR RESTART IDENTITY AND COMMIT
/*C31*/SET SCHEMA PUBLIC
DISCONNECT
/*C32*/DISCONNECT
/*C34*/SET SCHEMA PUBLIC
DISCONNECT
/*C33*/DISCONNECT
/*C35*/DISCONNECT
/*C36*/DISCONNECT
/*C37*/SET SCHEMA PUBLIC
DISCONNECT
/*C38*/SET SCHEMA PUBLIC
DISCONNECT
/*C40*/SET SCHEMA PUBLIC
INSERT INTO CAR VALUES(0,'Albert','IRE-2020',1)
COMMIT
/*C41*/SET SCHEMA PUBLIC
INSERT INTO CAR VALUES(1,'Deep','MP',2)
COMMIT
/*C42*/SET SCHEMA PUBLIC
DELETE FROM CAR WHERE ID=1
INSERT INTO CAR VALUES(1,'Deep','MP4',2)
COMMIT
/*C43*/SET SCHEMA PUBLIC
DELETE FROM CAR WHERE ID=1
COMMIT
/*C44*/SET SCHEMA PUBLIC
TRUNCATE TABLE CAR RESTART IDENTITY AND COMMIT
/*C39*/SET SCHEMA PUBLIC
DISCONNECT
/*C40*/DISCONNECT
/*C44*/DISCONNECT
/*C43*/DISCONNECT
/*C41*/DISCONNECT
/*C42*/DISCONNECT
/*C45*/SET SCHEMA PUBLIC
DISCONNECT
/*C46*/SET SCHEMA PUBLIC
DISCONNECT
/*C47*/SET SCHEMA PUBLIC
DISCONNECT
/*C2*/SET SCHEMA PUBLIC
DROP PROCEDURE InsertCar
DROP TABLE car
/*C49*/SET SCHEMA PUBLIC
CREATE TABLE IF NOT EXISTS CAR (id INTEGER identity,name VARCHAR(32),numb VARCHAR(32),area INTEGER)
/*C2*/DROP TABLE car
/*C48*/SET SCHEMA PUBLIC
DISCONNECT
/*C49*/DISCONNECT
/*C51*/SET SCHEMA PUBLIC
CREATE TABLE IF NOT EXISTS CAR (id INTEGER identity,name VARCHAR(32),numb VARCHAR(32),area INTEGER)
/*C2*/CREATE PROCEDURE InsertCar(IN mem_name VARCHAR(30),IN car_numb VARCHAR(30),IN park_area INT)\u000aMODIFIES SQL DATA\u000aBEGIN ATOMIC\u000ainsert into car(name,numb,area) values(mem_name,car_numb,park_area);\u000aEND
/*C51*/DISCONNECT
/*C52*/SET SCHEMA PUBLIC
INSERT INTO CAR VALUES(0,'Albert','IRE-2020',1)
COMMIT
/*C2*/DROP PROCEDURE InsertCar
DROP TABLE car
/*C50*/SET SCHEMA PUBLIC
DISCONNECT
/*C54*/SET SCHEMA PUBLIC
CREATE TABLE IF NOT EXISTS CAR (id INTEGER identity,name VARCHAR(32),numb VARCHAR(32),area INTEGER)
/*C2*/DROP TABLE car
/*C53*/SET SCHEMA PUBLIC
DISCONNECT
/*C54*/DISCONNECT
/*C56*/SET SCHEMA PUBLIC
CREATE TABLE IF NOT EXISTS CAR (id INTEGER identity,name VARCHAR(32),numb VARCHAR(32),area INTEGER)
/*C2*/CREATE PROCEDURE InsertCar(IN mem_name VARCHAR(30),IN car_numb VARCHAR(30),IN park_area INT)\u000aMODIFIES SQL DATA\u000aBEGIN ATOMIC\u000ainsert into car(name,numb,area) values(mem_name,car_numb,park_area);\u000aEND
/*C55*/SET SCHEMA PUBLIC
DISCONNECT
/*C56*/DISCONNECT
/*C2*/DROP PROCEDURE InsertCar
DROP TABLE car
/*C58*/SET SCHEMA PUBLIC
CREATE TABLE IF NOT EXISTS CAR (id INTEGER identity,name VARCHAR(32),numb VARCHAR(32),area INTEGER)
/*C2*/DROP TABLE car
/*C57*/SET SCHEMA PUBLIC
DISCONNECT
/*C58*/DISCONNECT
/*C60*/SET SCHEMA PUBLIC
CREATE TABLE IF NOT EXISTS CAR (id INTEGER identity,name VARCHAR(32),numb VARCHAR(32),area INTEGER)
/*C2*/CREATE PROCEDURE InsertCar(IN mem_name VARCHAR(30),IN car_numb VARCHAR(30),IN park_area INT)\u000aMODIFIES SQL DATA\u000aBEGIN ATOMIC\u000ainsert into car(name,numb,area) values(mem_name,car_numb,park_area);\u000aEND
/*C61*/SET SCHEMA PUBLIC
INSERT INTO CAR VALUES(0,'Albert','IRE-2020',1)
COMMIT
/*C62*/SET SCHEMA PUBLIC
INSERT INTO CAR VALUES(1,'Yash','CG-190',2)
COMMIT
/*C63*/SET SCHEMA PUBLIC
DELETE FROM CAR WHERE ID=1
INSERT INTO CAR VALUES(1,'Yash','CG-190',3)
COMMIT
/*C64*/SET SCHEMA PUBLIC
DELETE FROM CAR WHERE ID=1
COMMIT
/*C65*/SET SCHEMA PUBLIC
TRUNCATE TABLE CAR RESTART IDENTITY AND COMMIT
/*C66*/SET SCHEMA PUBLIC
INSERT INTO CAR VALUES(0,'Albert','IRE-2020',1)
COMMIT
/*C67*/SET SCHEMA PUBLIC
INSERT INTO CAR VALUES(1,'Yash ','CG1234',2)
COMMIT
/*C68*/SET SCHEMA PUBLIC
INSERT INTO CAR VALUES(2,'Vivek','mpo1289',3)
COMMIT
/*C70*/SET SCHEMA PUBLIC
TRUNCATE TABLE CAR RESTART IDENTITY AND COMMIT
/*C71*/SET SCHEMA PUBLIC
INSERT INTO CAR VALUES(0,'Albert','IRE-2020',1)
COMMIT
/*C72*/SET SCHEMA PUBLIC
TRUNCATE TABLE CAR RESTART IDENTITY AND COMMIT
/*C59*/SET SCHEMA PUBLIC
DISCONNECT
/*C69*/SET SCHEMA PUBLIC
DISCONNECT
/*C60*/DISCONNECT
